<?xml version="1.0" encoding="UTF-8"?>
<!-- Generated by org.testng.reporters.JUnitReportReporter -->
<testsuite hostname="DBSF219" failures="0" tests="1" name="com.simplilearn.Phase4ProjectFlipkart.P4FlipkartProject" time="84.618" errors="0" timestamp="2023-02-06T11:28:43 AEDT" skipped="0">
  <testcase classname="com.simplilearn.Phase4ProjectFlipkart.P4FlipkartProject" name="FlipkartProject" time="84.618"/>
  <system-out/>
</testsuite> <!-- com.simplilearn.Phase4ProjectFlipkart.P4FlipkartProject -->
